2022-12-24 18:41:17,435 [Worker-2: Loading available Gradle versions] INFO  o.e.b.c.i.u.g.PublishedGradleVersions - Gradle version information cache is up-to-date. Trying to read.
2022-12-24 18:42:29,843 [Worker-11: Import Getting Started Content] INFO  o.e.m.c.i.l.LifecycleMappingFactory - Using org.eclipse.m2e.jdt.JarLifecycleMapping lifecycle mapping for MavenProject: com.example:BootEmpApplication:0.0.1-SNAPSHOT @ D:\EDUCATIONAL\SpringBoot\BootEmpApplication\pom.xml.
2022-12-24 18:42:33,068 [Worker-11: Import Getting Started Content] INFO  o.e.m.j.i.AbstractJavaProjectConfigurator - Adding source folder /BootEmpApplication/src/main/java
2022-12-24 18:42:33,068 [Worker-11: Import Getting Started Content] INFO  o.e.m.j.i.AbstractJavaProjectConfigurator - Adding resource folder /BootEmpApplication/src/main/resources
2022-12-24 18:42:33,074 [Worker-11: Import Getting Started Content] INFO  o.e.m.j.i.AbstractJavaProjectConfigurator - Adding resource folder /BootEmpApplication/src/main/resources
2022-12-24 18:42:33,080 [Worker-11: Import Getting Started Content] INFO  o.e.m.j.i.AbstractJavaProjectConfigurator - Adding source folder /BootEmpApplication/src/test/java
2022-12-24 18:42:35,028 [Worker-11: Import Getting Started Content] INFO  o.e.m.c.i.p.ProjectConfigurationManager - Imported and configured 1 project(s) in 7 sec
2022-12-24 18:42:35,035 [Worker-11: Import Getting Started Content] INFO  o.e.m.c.i.p.ProjectConfigurationManager - Update started
2022-12-24 18:42:35,348 [Worker-11: Import Getting Started Content] INFO  o.e.m.c.i.l.LifecycleMappingFactory - Using org.eclipse.m2e.jdt.JarLifecycleMapping lifecycle mapping for MavenProject: com.example:BootEmpApplication:0.0.1-SNAPSHOT @ D:\EDUCATIONAL\SpringBoot\BootEmpApplication\pom.xml.
2022-12-24 18:42:35,956 [Worker-11: Import Getting Started Content] INFO  o.e.m.j.i.AbstractJavaProjectConfigurator - Adding source folder /BootEmpApplication/src/main/java
2022-12-24 18:42:35,956 [Worker-11: Import Getting Started Content] INFO  o.e.m.j.i.AbstractJavaProjectConfigurator - Adding resource folder /BootEmpApplication/src/main/resources
2022-12-24 18:42:35,956 [Worker-11: Import Getting Started Content] INFO  o.e.m.j.i.AbstractJavaProjectConfigurator - Adding resource folder /BootEmpApplication/src/main/resources
2022-12-24 18:42:35,957 [Worker-11: Import Getting Started Content] INFO  o.e.m.j.i.AbstractJavaProjectConfigurator - Adding source folder /BootEmpApplication/src/test/java
2022-12-24 18:42:36,500 [Worker-11: Import Getting Started Content] INFO  o.e.m.c.i.p.ProjectConfigurationManager - Update completed for 1 poms: local refresh takes 0.00 sec, refresh facades takes 0.00 sec, update config takes 0.00 sec 
2022-12-24 18:43:51,509 [Worker-6: Import Getting Started Content] INFO  o.e.m.c.i.l.LifecycleMappingFactory - Using org.eclipse.m2e.jdt.JarLifecycleMapping lifecycle mapping for MavenProject: com.example:BootEmpApplication-1:0.0.1-SNAPSHOT @ D:\EDUCATIONAL\SpringBoot\BootEmpApplication-1\pom.xml.
2022-12-24 18:43:51,867 [Worker-6: Import Getting Started Content] INFO  o.e.m.j.i.AbstractJavaProjectConfigurator - Adding source folder /BootEmpApplication-1/src/main/java
2022-12-24 18:43:51,867 [Worker-6: Import Getting Started Content] INFO  o.e.m.j.i.AbstractJavaProjectConfigurator - Adding resource folder /BootEmpApplication-1/src/main/resources
2022-12-24 18:43:51,876 [Worker-6: Import Getting Started Content] INFO  o.e.m.j.i.AbstractJavaProjectConfigurator - Adding resource folder /BootEmpApplication-1/src/main/resources
2022-12-24 18:43:51,879 [Worker-6: Import Getting Started Content] INFO  o.e.m.j.i.AbstractJavaProjectConfigurator - Adding source folder /BootEmpApplication-1/src/test/java
2022-12-24 18:43:52,091 [Worker-6: Import Getting Started Content] INFO  o.e.m.c.i.p.ProjectConfigurationManager - Imported and configured 1 project(s) in 0 sec
2022-12-24 18:43:52,093 [Worker-6: Import Getting Started Content] INFO  o.e.m.c.i.p.ProjectConfigurationManager - Update started
2022-12-24 18:43:52,305 [Worker-6: Import Getting Started Content] INFO  o.e.m.c.i.l.LifecycleMappingFactory - Using org.eclipse.m2e.jdt.JarLifecycleMapping lifecycle mapping for MavenProject: com.example:BootEmpApplication-1:0.0.1-SNAPSHOT @ D:\EDUCATIONAL\SpringBoot\BootEmpApplication-1\pom.xml.
2022-12-24 18:43:52,605 [Worker-6: Import Getting Started Content] INFO  o.e.m.j.i.AbstractJavaProjectConfigurator - Adding source folder /BootEmpApplication-1/src/main/java
2022-12-24 18:43:52,605 [Worker-6: Import Getting Started Content] INFO  o.e.m.j.i.AbstractJavaProjectConfigurator - Adding resource folder /BootEmpApplication-1/src/main/resources
2022-12-24 18:43:52,605 [Worker-6: Import Getting Started Content] INFO  o.e.m.j.i.AbstractJavaProjectConfigurator - Adding resource folder /BootEmpApplication-1/src/main/resources
2022-12-24 18:43:52,606 [Worker-6: Import Getting Started Content] INFO  o.e.m.j.i.AbstractJavaProjectConfigurator - Adding source folder /BootEmpApplication-1/src/test/java
2022-12-24 18:43:52,834 [Worker-6: Import Getting Started Content] INFO  o.e.m.c.i.p.ProjectConfigurationManager - Update completed for 1 poms: local refresh takes 0.00 sec, refresh facades takes 0.00 sec, update config takes 0.00 sec 
2022-12-26 18:27:29,986 [Worker-5: Loading available Gradle versions] INFO  o.e.b.c.i.u.g.PublishedGradleVersions - Gradle version information cache is out-of-date. Trying to update.
